<?xml version="1.0" encoding="UTF-8"?>
<testng-results skipped="0" failed="0" ignored="0" total="1" passed="1">
  <reporter-output>
  </reporter-output>
  <suite name="Default suite" duration-ms="13305" started-at="2019-12-18T23:48:41Z" finished-at="2019-12-18T23:48:55Z">
    <groups>
    </groups>
    <test name="Default test" duration-ms="13305" started-at="2019-12-18T23:48:41Z" finished-at="2019-12-18T23:48:55Z">
      <class name="test.test">
        <test-method status="PASS" signature="setup()[pri:0, instance:test.test@cb5822]" name="setup" is-config="true" duration-ms="13267" started-at="2019-12-18T23:48:41Z" finished-at="2019-12-18T23:48:55Z">
          <reporter-output>
          </reporter-output>
        </test-method> <!-- setup -->
        <test-method status="PASS" signature="firstTest()[pri:0, instance:test.test@cb5822]" name="firstTest" duration-ms="14" started-at="2019-12-18T23:48:55Z" finished-at="2019-12-18T23:48:55Z">
          <reporter-output>
          </reporter-output>
        </test-method> <!-- firstTest -->
      </class> <!-- test.test -->
    </test> <!-- Default test -->
  </suite> <!-- Default suite -->
</testng-results>
